<?xml version="1.0" encoding="UTF-8"?>
<testsuite name="com.lsis.HelloApp.HelloAppApplicationTests" tests="1" skipped="0" failures="0" errors="0" timestamp="2019-08-27T08:32:16" hostname="pivotal" time="0.204">
  <properties/>
  <testcase name="contextLoads" classname="com.lsis.HelloApp.HelloAppApplicationTests" time="0.204"/>
  <system-out><![CDATA[17:32:13.283 [Test worker] DEBUG org.springframework.test.context.junit4.SpringJUnit4ClassRunner - SpringJUnit4ClassRunner constructor called with [class com.lsis.HelloApp.HelloAppApplicationTests]
17:32:13.289 [Test worker] DEBUG org.springframework.test.context.BootstrapUtils - Instantiating CacheAwareContextLoaderDelegate from class [org.springframework.test.context.cache.DefaultCacheAwareContextLoaderDelegate]
17:32:13.295 [Test worker] DEBUG org.springframework.test.context.BootstrapUtils - Instantiating BootstrapContext using constructor [public org.springframework.test.context.support.DefaultBootstrapContext(java.lang.Class,org.springframework.test.context.CacheAwareContextLoaderDelegate)]
17:32:13.309 [Test worker] DEBUG org.springframework.test.context.BootstrapUtils - Instantiating TestContextBootstrapper for test class [com.lsis.HelloApp.HelloAppApplicationTests] from class [org.springframework.boot.test.context.SpringBootTestContextBootstrapper]
17:32:13.317 [Test worker] INFO org.springframework.boot.test.context.SpringBootTestContextBootstrapper - Neither @ContextConfiguration nor @ContextHierarchy found for test class [com.lsis.HelloApp.HelloAppApplicationTests], using SpringBootContextLoader
17:32:13.319 [Test worker] DEBUG org.springframework.test.context.support.AbstractContextLoader - Did not detect default resource location for test class [com.lsis.HelloApp.HelloAppApplicationTests]: class path resource [com/lsis/HelloApp/HelloAppApplicationTests-context.xml] does not exist
17:32:13.320 [Test worker] DEBUG org.springframework.test.context.support.AbstractContextLoader - Did not detect default resource location for test class [com.lsis.HelloApp.HelloAppApplicationTests]: class path resource [com/lsis/HelloApp/HelloAppApplicationTestsContext.groovy] does not exist
17:32:13.320 [Test worker] INFO org.springframework.test.context.support.AbstractContextLoader - Could not detect default resource locations for test class [com.lsis.HelloApp.HelloAppApplicationTests]: no resource found for suffixes {-context.xml, Context.groovy}.
17:32:13.320 [Test worker] INFO org.springframework.test.context.support.AnnotationConfigContextLoaderUtils - Could not detect default configuration classes for test class [com.lsis.HelloApp.HelloAppApplicationTests]: HelloAppApplicationTests does not declare any static, non-private, non-final, nested classes annotated with @Configuration.
17:32:13.353 [Test worker] DEBUG org.springframework.test.context.support.ActiveProfilesUtils - Could not find an 'annotation declaring class' for annotation type [org.springframework.test.context.ActiveProfiles] and class [com.lsis.HelloApp.HelloAppApplicationTests]
17:32:13.403 [Test worker] DEBUG org.springframework.context.annotation.ClassPathScanningCandidateComponentProvider - Identified candidate component class: file [/home/pivotal/workspace/Hello-App/build/classes/java/main/com/lsis/HelloApp/HelloAppApplication.class]
17:32:13.412 [Test worker] INFO org.springframework.boot.test.context.SpringBootTestContextBootstrapper - Found @SpringBootConfiguration com.lsis.HelloApp.HelloAppApplication for test class com.lsis.HelloApp.HelloAppApplicationTests
17:32:13.474 [Test worker] DEBUG org.springframework.boot.test.context.SpringBootTestContextBootstrapper - @TestExecutionListeners is not present for class [com.lsis.HelloApp.HelloAppApplicationTests]: using defaults.
17:32:13.474 [Test worker] INFO org.springframework.boot.test.context.SpringBootTestContextBootstrapper - Loaded default TestExecutionListener class names from location [META-INF/spring.factories]: [org.springframework.boot.test.autoconfigure.restdocs.RestDocsTestExecutionListener, org.springframework.boot.test.autoconfigure.web.client.MockRestServiceServerResetTestExecutionListener, org.springframework.boot.test.autoconfigure.web.servlet.MockMvcPrintOnlyOnFailureTestExecutionListener, org.springframework.boot.test.autoconfigure.web.servlet.WebDriverTestExecutionListener, org.springframework.boot.test.mock.mockito.MockitoTestExecutionListener, org.springframework.boot.test.mock.mockito.ResetMocksTestExecutionListener, org.springframework.test.context.web.ServletTestExecutionListener, org.springframework.test.context.support.DirtiesContextBeforeModesTestExecutionListener, org.springframework.test.context.support.DependencyInjectionTestExecutionListener, org.springframework.test.context.support.DirtiesContextTestExecutionListener, org.springframework.test.context.transaction.TransactionalTestExecutionListener, org.springframework.test.context.jdbc.SqlScriptsTestExecutionListener]
17:32:13.486 [Test worker] INFO org.springframework.boot.test.context.SpringBootTestContextBootstrapper - Using TestExecutionListeners: [org.springframework.test.context.web.ServletTestExecutionListener@1cdbf9b7, org.springframework.test.context.support.DirtiesContextBeforeModesTestExecutionListener@59befad8, org.springframework.boot.test.mock.mockito.MockitoTestExecutionListener@27100242, org.springframework.boot.test.autoconfigure.SpringBootDependencyInjectionTestExecutionListener@791ebece, org.springframework.test.context.support.DirtiesContextTestExecutionListener@3a4bf61b, org.springframework.test.context.transaction.TransactionalTestExecutionListener@148db3b0, org.springframework.test.context.jdbc.SqlScriptsTestExecutionListener@33a8a171, org.springframework.boot.test.autoconfigure.restdocs.RestDocsTestExecutionListener@3f4c8104, org.springframework.boot.test.autoconfigure.web.client.MockRestServiceServerResetTestExecutionListener@5a5253d8, org.springframework.boot.test.autoconfigure.web.servlet.MockMvcPrintOnlyOnFailureTestExecutionListener@233b6b11, org.springframework.boot.test.autoconfigure.web.servlet.WebDriverTestExecutionListener@55eef52e, org.springframework.boot.test.mock.mockito.ResetMocksTestExecutionListener@ef10a36]
17:32:13.488 [Test worker] DEBUG org.springframework.test.annotation.ProfileValueUtils - Retrieved @ProfileValueSourceConfiguration [null] for test class [com.lsis.HelloApp.HelloAppApplicationTests]
17:32:13.488 [Test worker] DEBUG org.springframework.test.annotation.ProfileValueUtils - Retrieved ProfileValueSource type [class org.springframework.test.annotation.SystemProfileValueSource] for class [com.lsis.HelloApp.HelloAppApplicationTests]
17:32:13.488 [Test worker] DEBUG org.springframework.test.annotation.ProfileValueUtils - Retrieved @ProfileValueSourceConfiguration [null] for test class [com.lsis.HelloApp.HelloAppApplicationTests]
17:32:13.488 [Test worker] DEBUG org.springframework.test.annotation.ProfileValueUtils - Retrieved ProfileValueSource type [class org.springframework.test.annotation.SystemProfileValueSource] for class [com.lsis.HelloApp.HelloAppApplicationTests]
17:32:13.492 [Test worker] DEBUG org.springframework.test.context.support.AbstractDirtiesContextTestExecutionListener - Before test class: context [DefaultTestContext@51e3cd9b testClass = HelloAppApplicationTests, testInstance = [null], testMethod = [null], testException = [null], mergedContextConfiguration = [WebMergedContextConfiguration@2f1fad88 testClass = HelloAppApplicationTests, locations = '{}', classes = '{class com.lsis.HelloApp.HelloAppApplication}', contextInitializerClasses = '[]', activeProfiles = '{}', propertySourceLocations = '{}', propertySourceProperties = '{org.springframework.boot.test.context.SpringBootTestContextBootstrapper=true}', contextCustomizers = set[org.springframework.boot.test.autoconfigure.properties.PropertyMappingContextCustomizer@0, org.springframework.boot.test.autoconfigure.web.servlet.WebDriverContextCustomizerFactory$Customizer@1e49c3b6, org.springframework.boot.test.context.filter.ExcludeFilterContextCustomizer@28202086, org.springframework.boot.test.json.DuplicateJsonObjectContextCustomizerFactory$DuplicateJsonObjectContextCustomizer@6de96a44, org.springframework.boot.test.mock.mockito.MockitoContextCustomizer@0, org.springframework.boot.test.web.client.TestRestTemplateContextCustomizer@74406c27], resourceBasePath = 'src/main/webapp', contextLoader = 'org.springframework.boot.test.context.SpringBootContextLoader', parent = [null]], attributes = map['org.springframework.test.context.web.ServletTestExecutionListener.activateListener' -> true]], class annotated with @DirtiesContext [false] with mode [null].
17:32:13.492 [Test worker] DEBUG org.springframework.test.annotation.ProfileValueUtils - Retrieved @ProfileValueSourceConfiguration [null] for test class [com.lsis.HelloApp.HelloAppApplicationTests]
17:32:13.492 [Test worker] DEBUG org.springframework.test.annotation.ProfileValueUtils - Retrieved ProfileValueSource type [class org.springframework.test.annotation.SystemProfileValueSource] for class [com.lsis.HelloApp.HelloAppApplicationTests]
17:32:13.509 [Test worker] DEBUG org.springframework.test.context.support.TestPropertySourceUtils - Adding inlined properties to environment: {spring.jmx.enabled=false, org.springframework.boot.test.context.SpringBootTestContextBootstrapper=true, server.port=-1}

  .   ____          _            __ _ _
 /\\ / ___'_ __ _ _(_)_ __  __ _ \ \ \ \
( ( )\___ | '_ | '_| | '_ \/ _` | \ \ \ \
 \\/  ___)| |_)| | | | | || (_| |  ) ) ) )
  '  |____| .__|_| |_|_| |_\__, | / / / /
 =========|_|==============|___/=/_/_/_/
 :: Spring Boot ::        (v2.1.7.RELEASE)

2019-08-27 17:32:13.927  INFO 23717 --- [    Test worker] c.l.HelloApp.HelloAppApplicationTests    : Starting HelloAppApplicationTests on pivotal with PID 23717 (started by pivotal in /home/pivotal/workspace/Hello-App)
2019-08-27 17:32:13.928  INFO 23717 --- [    Test worker] c.l.HelloApp.HelloAppApplicationTests    : No active profile set, falling back to default profiles: default
2019-08-27 17:32:14.342  INFO 23717 --- [    Test worker] .s.d.r.c.RepositoryConfigurationDelegate : Bootstrapping Spring Data repositories in DEFAULT mode.
2019-08-27 17:32:14.387  INFO 23717 --- [    Test worker] .s.d.r.c.RepositoryConfigurationDelegate : Finished Spring Data repository scanning in 38ms. Found 1 repository interfaces.
2019-08-27 17:32:14.686  INFO 23717 --- [    Test worker] trationDelegate$BeanPostProcessorChecker : Bean 'org.springframework.transaction.annotation.ProxyTransactionManagementConfiguration' of type [org.springframework.transaction.annotation.ProxyTransactionManagementConfiguration$$EnhancerBySpringCGLIB$$efc28ead] is not eligible for getting processed by all BeanPostProcessors (for example: not eligible for auto-proxying)
2019-08-27 17:32:14.849  INFO 23717 --- [    Test worker] com.zaxxer.hikari.HikariDataSource       : HikariPool-1 - Starting...
2019-08-27 17:32:14.983  INFO 23717 --- [    Test worker] com.zaxxer.hikari.HikariDataSource       : HikariPool-1 - Start completed.
2019-08-27 17:32:15.058  INFO 23717 --- [    Test worker] o.hibernate.jpa.internal.util.LogHelper  : HHH000204: Processing PersistenceUnitInfo [
	name: default
	...]
2019-08-27 17:32:15.106  INFO 23717 --- [    Test worker] org.hibernate.Version                    : HHH000412: Hibernate Core {5.2.17.Final}
2019-08-27 17:32:15.107  INFO 23717 --- [    Test worker] org.hibernate.cfg.Environment            : HHH000206: hibernate.properties not found
2019-08-27 17:32:15.133  INFO 23717 --- [    Test worker] o.hibernate.annotations.common.Version   : HCANN000001: Hibernate Commons Annotations {5.0.1.Final}
2019-08-27 17:32:15.210  INFO 23717 --- [    Test worker] org.hibernate.dialect.Dialect            : HHH000400: Using dialect: org.hibernate.dialect.MySQL5Dialect
2019-08-27 17:32:15.573  INFO 23717 --- [    Test worker] o.h.t.schema.internal.SchemaCreatorImpl  : HHH000476: Executing import script 'org.hibernate.tool.schema.internal.exec.ScriptSourceInputNonExistentImpl@31e3234a'
2019-08-27 17:32:15.575  INFO 23717 --- [    Test worker] j.LocalContainerEntityManagerFactoryBean : Initialized JPA EntityManagerFactory for persistence unit 'default'
2019-08-27 17:32:16.188  INFO 23717 --- [    Test worker] o.s.s.concurrent.ThreadPoolTaskExecutor  : Initializing ExecutorService 'applicationTaskExecutor'
2019-08-27 17:32:16.233  WARN 23717 --- [    Test worker] aWebConfiguration$JpaWebMvcConfiguration : spring.jpa.open-in-view is enabled by default. Therefore, database queries may be performed during view rendering. Explicitly configure spring.jpa.open-in-view to disable this warning
2019-08-27 17:32:16.525  INFO 23717 --- [    Test worker] c.l.HelloApp.HelloAppApplicationTests    : Started HelloAppApplicationTests in 3.008 seconds (JVM running for 3.728)
]]></system-out>
  <system-err><![CDATA[]]></system-err>
</testsuite>
